<?xml version="1.0" encoding="UTF-8"?>
<testsuite xmlns:xsi="http://www.w3.org/2001/XMLSchema-instance" xsi:noNamespaceSchemaLocation="https://maven.apache.org/surefire/maven-surefire-plugin/xsd/surefire-test-report.xsd" name="com.springboot.AppTest" time="0.15" tests="1" errors="0" skipped="0" failures="0">
  <properties>
    <property name="sun.desktop" value="windows"/>
    <property name="awt.toolkit" value="sun.awt.windows.WToolkit"/>
    <property name="file.encoding.pkg" value="sun.io"/>
    <property name="java.specification.version" value="1.8"/>
    <property name="sun.cpu.isalist" value="amd64"/>
    <property name="sun.jnu.encoding" value="GBK"/>
    <property name="java.class.path" value="E:\eclipse\GPWorkSpace\redission-spring-boot-starter\target\test-classes;E:\eclipse\GPWorkSpace\redission-spring-boot-starter\target\classes;F:\maven\repository\junit\junit\4.11\junit-4.11.jar;F:\maven\repository\org\hamcrest\hamcrest-core\1.3\hamcrest-core-1.3.jar;F:\maven\repository\org\springframework\boot\spring-boot-starter\2.3.1.RELEASE\spring-boot-starter-2.3.1.RELEASE.jar;F:\maven\repository\org\springframework\boot\spring-boot\2.3.1.RELEASE\spring-boot-2.3.1.RELEASE.jar;F:\maven\repository\org\springframework\spring-context\5.2.7.RELEASE\spring-context-5.2.7.RELEASE.jar;F:\maven\repository\org\springframework\spring-aop\5.2.7.RELEASE\spring-aop-5.2.7.RELEASE.jar;F:\maven\repository\org\springframework\spring-beans\5.2.7.RELEASE\spring-beans-5.2.7.RELEASE.jar;F:\maven\repository\org\springframework\spring-expression\5.2.7.RELEASE\spring-expression-5.2.7.RELEASE.jar;F:\maven\repository\org\springframework\boot\spring-boot-autoconfigure\2.3.1.RELEASE\spring-boot-autoconfigure-2.3.1.RELEASE.jar;F:\maven\repository\org\springframework\boot\spring-boot-starter-logging\2.3.1.RELEASE\spring-boot-starter-logging-2.3.1.RELEASE.jar;F:\maven\repository\ch\qos\logback\logback-classic\1.2.3\logback-classic-1.2.3.jar;F:\maven\repository\ch\qos\logback\logback-core\1.2.3\logback-core-1.2.3.jar;F:\maven\repository\org\apache\logging\log4j\log4j-to-slf4j\2.13.3\log4j-to-slf4j-2.13.3.jar;F:\maven\repository\org\apache\logging\log4j\log4j-api\2.13.3\log4j-api-2.13.3.jar;F:\maven\repository\org\slf4j\jul-to-slf4j\1.7.30\jul-to-slf4j-1.7.30.jar;F:\maven\repository\jakarta\annotation\jakarta.annotation-api\1.3.5\jakarta.annotation-api-1.3.5.jar;F:\maven\repository\org\springframework\spring-core\5.2.7.RELEASE\spring-core-5.2.7.RELEASE.jar;F:\maven\repository\org\springframework\spring-jcl\5.2.7.RELEASE\spring-jcl-5.2.7.RELEASE.jar;F:\maven\repository\org\yaml\snakeyaml\1.26\snakeyaml-1.26.jar;F:\maven\repository\org\redisson\redisson\3.13.1\redisson-3.13.1.jar;F:\maven\repository\io\netty\netty-common\4.1.50.Final\netty-common-4.1.50.Final.jar;F:\maven\repository\io\netty\netty-codec\4.1.50.Final\netty-codec-4.1.50.Final.jar;F:\maven\repository\io\netty\netty-buffer\4.1.50.Final\netty-buffer-4.1.50.Final.jar;F:\maven\repository\io\netty\netty-transport\4.1.50.Final\netty-transport-4.1.50.Final.jar;F:\maven\repository\io\netty\netty-resolver\4.1.50.Final\netty-resolver-4.1.50.Final.jar;F:\maven\repository\io\netty\netty-resolver-dns\4.1.50.Final\netty-resolver-dns-4.1.50.Final.jar;F:\maven\repository\io\netty\netty-codec-dns\4.1.50.Final\netty-codec-dns-4.1.50.Final.jar;F:\maven\repository\io\netty\netty-handler\4.1.50.Final\netty-handler-4.1.50.Final.jar;F:\maven\repository\javax\cache\cache-api\1.0.0\cache-api-1.0.0.jar;F:\maven\repository\io\projectreactor\reactor-core\3.3.4.RELEASE\reactor-core-3.3.4.RELEASE.jar;F:\maven\repository\org\reactivestreams\reactive-streams\1.0.3\reactive-streams-1.0.3.jar;F:\maven\repository\io\reactivex\rxjava2\rxjava\2.2.19\rxjava-2.2.19.jar;F:\maven\repository\org\jboss\marshalling\jboss-marshalling-river\2.0.9.Final\jboss-marshalling-river-2.0.9.Final.jar;F:\maven\repository\org\jboss\marshalling\jboss-marshalling\2.0.9.Final\jboss-marshalling-2.0.9.Final.jar;F:\maven\repository\org\slf4j\slf4j-api\1.7.30\slf4j-api-1.7.30.jar;F:\maven\repository\com\fasterxml\jackson\dataformat\jackson-dataformat-yaml\2.10.4\jackson-dataformat-yaml-2.10.4.jar;F:\maven\repository\com\fasterxml\jackson\core\jackson-core\2.10.4\jackson-core-2.10.4.jar;F:\maven\repository\com\fasterxml\jackson\core\jackson-databind\2.10.4\jackson-databind-2.10.4.jar;F:\maven\repository\com\fasterxml\jackson\core\jackson-annotations\2.10.4\jackson-annotations-2.10.4.jar;F:\maven\repository\net\bytebuddy\byte-buddy\1.10.7\byte-buddy-1.10.7.jar;F:\maven\repository\org\jodd\jodd-bean\5.0.13\jodd-bean-5.0.13.jar;F:\maven\repository\org\jodd\jodd-core\5.0.13\jodd-core-5.0.13.jar;F:\maven\repository\org\springframework\boot\spring-boot-configuration-processor\2.3.1.RELEASE\spring-boot-configuration-processor-2.3.1.RELEASE.jar;"/>
    <property name="java.vm.vendor" value="Oracle Corporation"/>
    <property name="sun.arch.data.model" value="64"/>
    <property name="user.variant" value=""/>
    <property name="java.vendor.url" value="http://java.oracle.com/"/>
    <property name="user.timezone" value="Asia/Shanghai"/>
    <property name="java.vm.specification.version" value="1.8"/>
    <property name="os.name" value="Windows 10"/>
    <property name="user.country" value="CN"/>
    <property name="sun.java.launcher" value="SUN_STANDARD"/>
    <property name="sun.boot.library.path" value="C:\Program Files\Java\jdk1.8.0_162\jre\bin"/>
    <property name="sun.java.command" value="C:\Users\Dell\AppData\Local\Temp\surefire6343343377944337336\surefirebooter5810314397132403499.jar C:\Users\Dell\AppData\Local\Temp\surefire6343343377944337336 2020-06-30T15-21-20_409-jvmRun1 surefire1818613847227723526tmp surefire_05913173826608291902tmp"/>
    <property name="surefire.test.class.path" value="E:\eclipse\GPWorkSpace\redission-spring-boot-starter\target\test-classes;E:\eclipse\GPWorkSpace\redission-spring-boot-starter\target\classes;F:\maven\repository\junit\junit\4.11\junit-4.11.jar;F:\maven\repository\org\hamcrest\hamcrest-core\1.3\hamcrest-core-1.3.jar;F:\maven\repository\org\springframework\boot\spring-boot-starter\2.3.1.RELEASE\spring-boot-starter-2.3.1.RELEASE.jar;F:\maven\repository\org\springframework\boot\spring-boot\2.3.1.RELEASE\spring-boot-2.3.1.RELEASE.jar;F:\maven\repository\org\springframework\spring-context\5.2.7.RELEASE\spring-context-5.2.7.RELEASE.jar;F:\maven\repository\org\springframework\spring-aop\5.2.7.RELEASE\spring-aop-5.2.7.RELEASE.jar;F:\maven\repository\org\springframework\spring-beans\5.2.7.RELEASE\spring-beans-5.2.7.RELEASE.jar;F:\maven\repository\org\springframework\spring-expression\5.2.7.RELEASE\spring-expression-5.2.7.RELEASE.jar;F:\maven\repository\org\springframework\boot\spring-boot-autoconfigure\2.3.1.RELEASE\spring-boot-autoconfigure-2.3.1.RELEASE.jar;F:\maven\repository\org\springframework\boot\spring-boot-starter-logging\2.3.1.RELEASE\spring-boot-starter-logging-2.3.1.RELEASE.jar;F:\maven\repository\ch\qos\logback\logback-classic\1.2.3\logback-classic-1.2.3.jar;F:\maven\repository\ch\qos\logback\logback-core\1.2.3\logback-core-1.2.3.jar;F:\maven\repository\org\apache\logging\log4j\log4j-to-slf4j\2.13.3\log4j-to-slf4j-2.13.3.jar;F:\maven\repository\org\apache\logging\log4j\log4j-api\2.13.3\log4j-api-2.13.3.jar;F:\maven\repository\org\slf4j\jul-to-slf4j\1.7.30\jul-to-slf4j-1.7.30.jar;F:\maven\repository\jakarta\annotation\jakarta.annotation-api\1.3.5\jakarta.annotation-api-1.3.5.jar;F:\maven\repository\org\springframework\spring-core\5.2.7.RELEASE\spring-core-5.2.7.RELEASE.jar;F:\maven\repository\org\springframework\spring-jcl\5.2.7.RELEASE\spring-jcl-5.2.7.RELEASE.jar;F:\maven\repository\org\yaml\snakeyaml\1.26\snakeyaml-1.26.jar;F:\maven\repository\org\redisson\redisson\3.13.1\redisson-3.13.1.jar;F:\maven\repository\io\netty\netty-common\4.1.50.Final\netty-common-4.1.50.Final.jar;F:\maven\repository\io\netty\netty-codec\4.1.50.Final\netty-codec-4.1.50.Final.jar;F:\maven\repository\io\netty\netty-buffer\4.1.50.Final\netty-buffer-4.1.50.Final.jar;F:\maven\repository\io\netty\netty-transport\4.1.50.Final\netty-transport-4.1.50.Final.jar;F:\maven\repository\io\netty\netty-resolver\4.1.50.Final\netty-resolver-4.1.50.Final.jar;F:\maven\repository\io\netty\netty-resolver-dns\4.1.50.Final\netty-resolver-dns-4.1.50.Final.jar;F:\maven\repository\io\netty\netty-codec-dns\4.1.50.Final\netty-codec-dns-4.1.50.Final.jar;F:\maven\repository\io\netty\netty-handler\4.1.50.Final\netty-handler-4.1.50.Final.jar;F:\maven\repository\javax\cache\cache-api\1.0.0\cache-api-1.0.0.jar;F:\maven\repository\io\projectreactor\reactor-core\3.3.4.RELEASE\reactor-core-3.3.4.RELEASE.jar;F:\maven\repository\org\reactivestreams\reactive-streams\1.0.3\reactive-streams-1.0.3.jar;F:\maven\repository\io\reactivex\rxjava2\rxjava\2.2.19\rxjava-2.2.19.jar;F:\maven\repository\org\jboss\marshalling\jboss-marshalling-river\2.0.9.Final\jboss-marshalling-river-2.0.9.Final.jar;F:\maven\repository\org\jboss\marshalling\jboss-marshalling\2.0.9.Final\jboss-marshalling-2.0.9.Final.jar;F:\maven\repository\org\slf4j\slf4j-api\1.7.30\slf4j-api-1.7.30.jar;F:\maven\repository\com\fasterxml\jackson\dataformat\jackson-dataformat-yaml\2.10.4\jackson-dataformat-yaml-2.10.4.jar;F:\maven\repository\com\fasterxml\jackson\core\jackson-core\2.10.4\jackson-core-2.10.4.jar;F:\maven\repository\com\fasterxml\jackson\core\jackson-databind\2.10.4\jackson-databind-2.10.4.jar;F:\maven\repository\com\fasterxml\jackson\core\jackson-annotations\2.10.4\jackson-annotations-2.10.4.jar;F:\maven\repository\net\bytebuddy\byte-buddy\1.10.7\byte-buddy-1.10.7.jar;F:\maven\repository\org\jodd\jodd-bean\5.0.13\jodd-bean-5.0.13.jar;F:\maven\repository\org\jodd\jodd-core\5.0.13\jodd-core-5.0.13.jar;F:\maven\repository\org\springframework\boot\spring-boot-configuration-processor\2.3.1.RELEASE\spring-boot-configuration-processor-2.3.1.RELEASE.jar;"/>
    <property name="sun.cpu.endian" value="little"/>
    <property name="user.home" value="C:\Users\Dell"/>
    <property name="user.language" value="zh"/>
    <property name="java.specification.vendor" value="Oracle Corporation"/>
    <property name="java.home" value="C:\Program Files\Java\jdk1.8.0_162\jre"/>
    <property name="basedir" value="E:\eclipse\GPWorkSpace\redission-spring-boot-starter"/>
    <property name="file.separator" value="\"/>
    <property name="line.separator" value="&#10;"/>
    <property name="java.vm.specification.vendor" value="Oracle Corporation"/>
    <property name="java.specification.name" value="Java Platform API Specification"/>
    <property name="java.awt.graphicsenv" value="sun.awt.Win32GraphicsEnvironment"/>
    <property name="surefire.real.class.path" value="C:\Users\Dell\AppData\Local\Temp\surefire6343343377944337336\surefirebooter5810314397132403499.jar"/>
    <property name="sun.boot.class.path" value="C:\Program Files\Java\jdk1.8.0_162\jre\lib\resources.jar;C:\Program Files\Java\jdk1.8.0_162\jre\lib\rt.jar;C:\Program Files\Java\jdk1.8.0_162\jre\lib\sunrsasign.jar;C:\Program Files\Java\jdk1.8.0_162\jre\lib\jsse.jar;C:\Program Files\Java\jdk1.8.0_162\jre\lib\jce.jar;C:\Program Files\Java\jdk1.8.0_162\jre\lib\charsets.jar;C:\Program Files\Java\jdk1.8.0_162\jre\lib\jfr.jar;C:\Program Files\Java\jdk1.8.0_162\jre\classes"/>
    <property name="user.script" value=""/>
    <property name="sun.management.compiler" value="HotSpot 64-Bit Tiered Compilers"/>
    <property name="java.runtime.version" value="1.8.0_162-b12"/>
    <property name="user.name" value="Dell"/>
    <property name="path.separator" value=";"/>
    <property name="os.version" value="10.0"/>
    <property name="java.endorsed.dirs" value="C:\Program Files\Java\jdk1.8.0_162\jre\lib\endorsed"/>
    <property name="java.runtime.name" value="Java(TM) SE Runtime Environment"/>
    <property name="file.encoding" value="GBK"/>
    <property name="java.vm.name" value="Java HotSpot(TM) 64-Bit Server VM"/>
    <property name="localRepository" value="F:\maven\repository"/>
    <property name="java.vendor.url.bug" value="http://bugreport.sun.com/bugreport/"/>
    <property name="java.io.tmpdir" value="C:\Users\Dell\AppData\Local\Temp\"/>
    <property name="idea.version" value="2018.3.5"/>
    <property name="java.version" value="1.8.0_162"/>
    <property name="user.dir" value="E:\eclipse\GPWorkSpace\redission-spring-boot-starter"/>
    <property name="os.arch" value="amd64"/>
    <property name="java.vm.specification.name" value="Java Virtual Machine Specification"/>
    <property name="java.awt.printerjob" value="sun.awt.windows.WPrinterJob"/>
    <property name="sun.os.patch.level" value=""/>
    <property name="java.library.path" value="C:\Program Files\Java\jdk1.8.0_162\jre\bin;C:\WINDOWS\Sun\Java\bin;C:\WINDOWS\system32;C:\WINDOWS;C:\Program Files\Java\jdk1.8.0_162\bin;C:\Program Files\Java\jdk1.8.0_162\jre\bin;E:\develop tools\mysql\mysql-8.0.11-winx64\bin;E:\develop tools\tableau\Tableau Server\2018.1\bin;C:\WINDOWS\system32;C:\WINDOWS;C:\WINDOWS\System32\Wbem;C:\WINDOWS\System32\WindowsPowerShell\v1.0\;C:\Program Files (x86)\MySQL\MySQL Utilities 1.6\;E:\maven\apache-maven-3.5.3-bin\apache-maven-3.5.3\bin;C:\WINDOWS\System32\OpenSSH\;C:\Program Files\Microsoft SQL Server\110\DTS\Binn\;C:\Program Files (x86)\Microsoft SQL Server\110\Tools\Binn\;C:\Program Files\Microsoft SQL Server\110\Tools\Binn\;C:\Program Files (x86)\Microsoft SQL Server\110\Tools\Binn\ManagementStudio\;C:\Program Files (x86)\Microsoft Visual Studio 10.0\Common7\IDE\PrivateAssemblies\;C:\Program Files (x86)\Microsoft SQL Server\110\DTS\Binn\;E:\Scala\installPackage\bin;E:\Spark\spark-2.3.3-bin-hadoop2.7\bin;E:\Hadoop\hadoop-2.8.5\bin;C:\Program Files (x86)\Common Files\Oracle\Java\javapath;E:\develop tools\Git\installPackage\Git\cmd;E:\JBoss\jboss-4.2.2.GA\bin;E:\develop tools\TortoiseSVN\installPackage\bin;C:\Users\Dell\AppData\Local\Microsoft\WindowsApps;E:\instantclient_11_2;C:\Users\Dell\AppData\Local\BypassRuntm;."/>
    <property name="java.vm.info" value="mixed mode"/>
    <property name="java.vendor" value="Oracle Corporation"/>
    <property name="java.vm.version" value="25.162-b12"/>
    <property name="java.ext.dirs" value="C:\Program Files\Java\jdk1.8.0_162\jre\lib\ext;C:\WINDOWS\Sun\Java\lib\ext"/>
    <property name="sun.io.unicode.encoding" value="UnicodeLittle"/>
    <property name="java.class.version" value="52.0"/>
  </properties>
  <testcase name="shouldAnswerWithTrue" classname="com.springboot.AppTest" time="0.008"/>
</testsuite>